TN:
SF:D:\Armin\Workspace\SoftSPI\src\softspi.js
FN:29,(anonymous_0)
FN:59,(anonymous_1)
FN:67,(anonymous_2)
FN:80,(anonymous_3)
FN:91,(anonymous_4)
FN:111,(anonymous_5)
FN:121,(anonymous_6)
FN:142,(anonymous_7)
FN:153,(anonymous_8)
FN:163,(anonymous_9)
FN:172,(anonymous_10)
FN:182,(anonymous_11)
FN:191,(anonymous_12)
FN:200,(anonymous_13)
FN:218,(anonymous_14)
FN:229,(anonymous_15)
FN:240,(anonymous_16)
FN:250,(anonymous_17)
FN:267,(anonymous_18)
FN:291,(anonymous_19)
FN:322,(anonymous_20)
FN:342,(anonymous_21)
FN:354,(anonymous_22)
FNF:23
FNH:23
FNDA:4,(anonymous_0)
FNDA:9,(anonymous_1)
FNDA:2,(anonymous_2)
FNDA:31,(anonymous_3)
FNDA:3,(anonymous_4)
FNDA:1,(anonymous_5)
FNDA:3,(anonymous_6)
FNDA:1,(anonymous_7)
FNDA:148,(anonymous_8)
FNDA:48,(anonymous_9)
FNDA:59,(anonymous_10)
FNDA:5,(anonymous_11)
FNDA:12,(anonymous_12)
FNDA:11,(anonymous_13)
FNDA:6,(anonymous_14)
FNDA:6,(anonymous_15)
FNDA:2,(anonymous_16)
FNDA:2,(anonymous_17)
FNDA:48,(anonymous_18)
FNDA:9,(anonymous_19)
FNDA:12,(anonymous_20)
FNDA:32,(anonymous_21)
FNDA:40,(anonymous_22)
DA:7,1
DA:31,4
DA:32,4
DA:34,4
DA:35,3
DA:44,3
DA:45,3
DA:46,3
DA:47,3
DA:48,3
DA:49,3
DA:50,3
DA:51,3
DA:52,3
DA:61,9
DA:69,2
DA:82,31
DA:83,4
DA:100,3
DA:101,3
DA:102,3
DA:103,3
DA:105,3
DA:113,1
DA:123,3
DA:124,2
DA:125,2
DA:126,2
DA:127,2
DA:130,1
DA:131,1
DA:132,1
DA:133,1
DA:136,3
DA:144,1
DA:155,148
DA:165,48
DA:174,59
DA:184,5
DA:193,12
DA:202,11
DA:203,11
DA:204,7
DA:205,11
DA:206,7
DA:207,11
DA:208,7
DA:209,11
DA:210,11
DA:220,6
DA:221,5
DA:231,6
DA:232,5
DA:242,2
DA:252,2
DA:253,2
DA:269,48
DA:270,48
DA:271,24
DA:272,48
DA:273,48
DA:274,16
DA:275,48
DA:276,48
DA:277,8
DA:278,48
DA:293,9
DA:294,8
DA:295,7
DA:297,6
DA:298,6
DA:300,6
DA:302,6
DA:303,6
DA:304,6
DA:305,48
DA:306,12
DA:308,36
DA:310,6
DA:313,6
DA:315,6
DA:324,12
DA:325,7
DA:326,12
DA:327,7
DA:328,12
DA:329,12
DA:330,7
DA:331,12
DA:332,12
DA:344,32
DA:356,40
DA:360,1
LF:93
LH:93
BRDA:82,0,0,4
BRDA:82,0,1,27
BRDA:100,1,0,3
BRDA:100,1,1,3
BRDA:103,2,0,1
BRDA:103,2,1,2
BRDA:123,3,0,2
BRDA:123,3,1,1
BRDA:155,4,0,72
BRDA:155,4,1,76
BRDA:203,5,0,7
BRDA:203,5,1,4
BRDA:205,6,0,7
BRDA:205,6,1,4
BRDA:207,7,0,7
BRDA:207,7,1,4
BRDA:220,8,0,5
BRDA:220,8,1,1
BRDA:231,9,0,5
BRDA:231,9,1,1
BRDA:270,10,0,24
BRDA:270,10,1,24
BRDA:273,11,0,16
BRDA:273,11,1,32
BRDA:273,12,0,48
BRDA:273,12,1,24
BRDA:276,13,0,8
BRDA:276,13,1,40
BRDA:276,14,0,48
BRDA:276,14,1,24
BRDA:291,15,0,3
BRDA:291,16,0,4
BRDA:294,17,0,8
BRDA:294,17,1,4
BRDA:295,18,0,7
BRDA:295,18,1,4
BRDA:305,19,0,12
BRDA:305,19,1,36
BRDA:324,20,0,7
BRDA:324,20,1,5
BRDA:326,21,0,7
BRDA:326,21,1,5
BRDA:329,22,0,7
BRDA:329,22,1,5
BRF:44
BRH:44
end_of_record
